<?xml version="1.0" encoding="UTF-8"?>
<testsuites name="jest tests" tests="23" failures="8" errors="0" time="4.051">
  <testsuite name="logger" errors="0" failures="8" skipped="0" timestamp="2025-02-15T18:44:03" time="0.543" tests="12">
    <testcase classname="logger should log info messages" name="logger should log info messages" time="0.005">
      <failure>Error: expect(jest.fn()).toHaveBeenCalledWith(...expected)

Expected: StringMatching /ℹ️.*INFO/, &quot;Test info message&quot;

Number of calls: 0
    at Object.toHaveBeenCalledWith (C:\dev\apptoapp\src\test\logger.test.js:40:27)
    at Promise.then.completed (C:\dev\apptoapp\node_modules\jest-circus\build\utils.js:298:28)
    at new Promise (&lt;anonymous&gt;)
    at callAsyncCircusFn (C:\dev\apptoapp\node_modules\jest-circus\build\utils.js:231:10)
    at _callCircusTest (C:\dev\apptoapp\node_modules\jest-circus\build\run.js:316:40)
    at _runTest (C:\dev\apptoapp\node_modules\jest-circus\build\run.js:252:3)
    at _runTestsForDescribeBlock (C:\dev\apptoapp\node_modules\jest-circus\build\run.js:126:9)
    at _runTestsForDescribeBlock (C:\dev\apptoapp\node_modules\jest-circus\build\run.js:121:9)
    at run (C:\dev\apptoapp\node_modules\jest-circus\build\run.js:71:3)
    at runAndTransformResultsToJestFormat (C:\dev\apptoapp\node_modules\jest-circus\build\legacy-code-todo-rewrite\jestAdapterInit.js:122:21)
    at jestAdapter (C:\dev\apptoapp\node_modules\jest-circus\build\legacy-code-todo-rewrite\jestAdapter.js:79:19)
    at runTestInternal (C:\dev\apptoapp\node_modules\jest-runner\build\runTest.js:367:16)
    at runTest (C:\dev\apptoapp\node_modules\jest-runner\build\runTest.js:444:34)</failure>
    </testcase>
    <testcase classname="logger should log success messages" name="logger should log success messages" time="0.002">
      <failure>Error: expect(jest.fn()).toHaveBeenCalledWith(...expected)

Expected: StringMatching /✅.*SUCCESS/, &quot;Test success message&quot;

Number of calls: 0
    at Object.toHaveBeenCalledWith (C:\dev\apptoapp\src\test\logger.test.js:48:27)
    at Promise.then.completed (C:\dev\apptoapp\node_modules\jest-circus\build\utils.js:298:28)
    at new Promise (&lt;anonymous&gt;)
    at callAsyncCircusFn (C:\dev\apptoapp\node_modules\jest-circus\build\utils.js:231:10)
    at _callCircusTest (C:\dev\apptoapp\node_modules\jest-circus\build\run.js:316:40)
    at _runTest (C:\dev\apptoapp\node_modules\jest-circus\build\run.js:252:3)
    at _runTestsForDescribeBlock (C:\dev\apptoapp\node_modules\jest-circus\build\run.js:126:9)
    at _runTestsForDescribeBlock (C:\dev\apptoapp\node_modules\jest-circus\build\run.js:121:9)
    at run (C:\dev\apptoapp\node_modules\jest-circus\build\run.js:71:3)
    at runAndTransformResultsToJestFormat (C:\dev\apptoapp\node_modules\jest-circus\build\legacy-code-todo-rewrite\jestAdapterInit.js:122:21)
    at jestAdapter (C:\dev\apptoapp\node_modules\jest-circus\build\legacy-code-todo-rewrite\jestAdapter.js:79:19)
    at runTestInternal (C:\dev\apptoapp\node_modules\jest-runner\build\runTest.js:367:16)
    at runTest (C:\dev\apptoapp\node_modules\jest-runner\build\runTest.js:444:34)</failure>
    </testcase>
    <testcase classname="logger should log warning messages" name="logger should log warning messages" time="0.003">
      <failure>Error: expect(jest.fn()).toHaveBeenCalledWith(...expected)

Expected: StringMatching /⚠️.*WARNING/, &quot;Test warning message&quot;

Number of calls: 0
    at Object.toHaveBeenCalledWith (C:\dev\apptoapp\src\test\logger.test.js:56:27)
    at Promise.then.completed (C:\dev\apptoapp\node_modules\jest-circus\build\utils.js:298:28)
    at new Promise (&lt;anonymous&gt;)
    at callAsyncCircusFn (C:\dev\apptoapp\node_modules\jest-circus\build\utils.js:231:10)
    at _callCircusTest (C:\dev\apptoapp\node_modules\jest-circus\build\run.js:316:40)
    at _runTest (C:\dev\apptoapp\node_modules\jest-circus\build\run.js:252:3)
    at _runTestsForDescribeBlock (C:\dev\apptoapp\node_modules\jest-circus\build\run.js:126:9)
    at _runTestsForDescribeBlock (C:\dev\apptoapp\node_modules\jest-circus\build\run.js:121:9)
    at run (C:\dev\apptoapp\node_modules\jest-circus\build\run.js:71:3)
    at runAndTransformResultsToJestFormat (C:\dev\apptoapp\node_modules\jest-circus\build\legacy-code-todo-rewrite\jestAdapterInit.js:122:21)
    at jestAdapter (C:\dev\apptoapp\node_modules\jest-circus\build\legacy-code-todo-rewrite\jestAdapter.js:79:19)
    at runTestInternal (C:\dev\apptoapp\node_modules\jest-runner\build\runTest.js:367:16)
    at runTest (C:\dev\apptoapp\node_modules\jest-runner\build\runTest.js:444:34)</failure>
    </testcase>
    <testcase classname="logger should log error messages" name="logger should log error messages" time="0.004">
      <failure>Error: expect(jest.fn()).toHaveBeenCalledWith(...expected)

Expected: StringMatching /❌.*ERROR/, &quot;Test error message&quot;

Number of calls: 0
    at Object.toHaveBeenCalledWith (C:\dev\apptoapp\src\test\logger.test.js:64:27)
    at Promise.then.completed (C:\dev\apptoapp\node_modules\jest-circus\build\utils.js:298:28)
    at new Promise (&lt;anonymous&gt;)
    at callAsyncCircusFn (C:\dev\apptoapp\node_modules\jest-circus\build\utils.js:231:10)
    at _callCircusTest (C:\dev\apptoapp\node_modules\jest-circus\build\run.js:316:40)
    at _runTest (C:\dev\apptoapp\node_modules\jest-circus\build\run.js:252:3)
    at _runTestsForDescribeBlock (C:\dev\apptoapp\node_modules\jest-circus\build\run.js:126:9)
    at _runTestsForDescribeBlock (C:\dev\apptoapp\node_modules\jest-circus\build\run.js:121:9)
    at run (C:\dev\apptoapp\node_modules\jest-circus\build\run.js:71:3)
    at runAndTransformResultsToJestFormat (C:\dev\apptoapp\node_modules\jest-circus\build\legacy-code-todo-rewrite\jestAdapterInit.js:122:21)
    at jestAdapter (C:\dev\apptoapp\node_modules\jest-circus\build\legacy-code-todo-rewrite\jestAdapter.js:79:19)
    at runTestInternal (C:\dev\apptoapp\node_modules\jest-runner\build\runTest.js:367:16)
    at runTest (C:\dev\apptoapp\node_modules\jest-runner\build\runTest.js:444:34)</failure>
    </testcase>
    <testcase classname="logger should log debug messages" name="logger should log debug messages" time="0.003">
      <failure>Error: expect(jest.fn()).toHaveBeenCalledWith(...expected)

Expected: StringMatching /🔍.*DEBUG/, &quot;Test debug message&quot;

Number of calls: 0
    at Object.toHaveBeenCalledWith (C:\dev\apptoapp\src\test\logger.test.js:72:27)
    at Promise.then.completed (C:\dev\apptoapp\node_modules\jest-circus\build\utils.js:298:28)
    at new Promise (&lt;anonymous&gt;)
    at callAsyncCircusFn (C:\dev\apptoapp\node_modules\jest-circus\build\utils.js:231:10)
    at _callCircusTest (C:\dev\apptoapp\node_modules\jest-circus\build\run.js:316:40)
    at _runTest (C:\dev\apptoapp\node_modules\jest-circus\build\run.js:252:3)
    at _runTestsForDescribeBlock (C:\dev\apptoapp\node_modules\jest-circus\build\run.js:126:9)
    at _runTestsForDescribeBlock (C:\dev\apptoapp\node_modules\jest-circus\build\run.js:121:9)
    at run (C:\dev\apptoapp\node_modules\jest-circus\build\run.js:71:3)
    at runAndTransformResultsToJestFormat (C:\dev\apptoapp\node_modules\jest-circus\build\legacy-code-todo-rewrite\jestAdapterInit.js:122:21)
    at jestAdapter (C:\dev\apptoapp\node_modules\jest-circus\build\legacy-code-todo-rewrite\jestAdapter.js:79:19)
    at runTestInternal (C:\dev\apptoapp\node_modules\jest-runner\build\runTest.js:367:16)
    at runTest (C:\dev\apptoapp\node_modules\jest-runner\build\runTest.js:444:34)</failure>
    </testcase>
    <testcase classname="logger should log system messages" name="logger should log system messages" time="0.001">
      <failure>Error: expect(jest.fn()).toHaveBeenCalledWith(...expected)

Expected: StringMatching /⚙️.*SYSTEM/, &quot;Test system message&quot;

Number of calls: 0
    at Object.toHaveBeenCalledWith (C:\dev\apptoapp\src\test\logger.test.js:80:27)
    at Promise.then.completed (C:\dev\apptoapp\node_modules\jest-circus\build\utils.js:298:28)
    at new Promise (&lt;anonymous&gt;)
    at callAsyncCircusFn (C:\dev\apptoapp\node_modules\jest-circus\build\utils.js:231:10)
    at _callCircusTest (C:\dev\apptoapp\node_modules\jest-circus\build\run.js:316:40)
    at _runTest (C:\dev\apptoapp\node_modules\jest-circus\build\run.js:252:3)
    at _runTestsForDescribeBlock (C:\dev\apptoapp\node_modules\jest-circus\build\run.js:126:9)
    at _runTestsForDescribeBlock (C:\dev\apptoapp\node_modules\jest-circus\build\run.js:121:9)
    at run (C:\dev\apptoapp\node_modules\jest-circus\build\run.js:71:3)
    at runAndTransformResultsToJestFormat (C:\dev\apptoapp\node_modules\jest-circus\build\legacy-code-todo-rewrite\jestAdapterInit.js:122:21)
    at jestAdapter (C:\dev\apptoapp\node_modules\jest-circus\build\legacy-code-todo-rewrite\jestAdapter.js:79:19)
    at runTestInternal (C:\dev\apptoapp\node_modules\jest-runner\build\runTest.js:367:16)
    at runTest (C:\dev\apptoapp\node_modules\jest-runner\build\runTest.js:444:34)</failure>
    </testcase>
    <testcase classname="logger should log git messages" name="logger should log git messages" time="0.003">
      <failure>Error: expect(jest.fn()).toHaveBeenCalledWith(...expected)

Expected: StringMatching /📦.*GIT/, &quot;Test git message&quot;

Number of calls: 0
    at Object.toHaveBeenCalledWith (C:\dev\apptoapp\src\test\logger.test.js:88:27)
    at Promise.then.completed (C:\dev\apptoapp\node_modules\jest-circus\build\utils.js:298:28)
    at new Promise (&lt;anonymous&gt;)
    at callAsyncCircusFn (C:\dev\apptoapp\node_modules\jest-circus\build\utils.js:231:10)
    at _callCircusTest (C:\dev\apptoapp\node_modules\jest-circus\build\run.js:316:40)
    at _runTest (C:\dev\apptoapp\node_modules\jest-circus\build\run.js:252:3)
    at _runTestsForDescribeBlock (C:\dev\apptoapp\node_modules\jest-circus\build\run.js:126:9)
    at _runTestsForDescribeBlock (C:\dev\apptoapp\node_modules\jest-circus\build\run.js:121:9)
    at run (C:\dev\apptoapp\node_modules\jest-circus\build\run.js:71:3)
    at runAndTransformResultsToJestFormat (C:\dev\apptoapp\node_modules\jest-circus\build\legacy-code-todo-rewrite\jestAdapterInit.js:122:21)
    at jestAdapter (C:\dev\apptoapp\node_modules\jest-circus\build\legacy-code-todo-rewrite\jestAdapter.js:79:19)
    at runTestInternal (C:\dev\apptoapp\node_modules\jest-runner\build\runTest.js:367:16)
    at runTest (C:\dev\apptoapp\node_modules\jest-runner\build\runTest.js:444:34)</failure>
    </testcase>
    <testcase classname="logger should log file messages" name="logger should log file messages" time="0.002">
      <failure>Error: expect(jest.fn()).toHaveBeenCalledWith(...expected)

Expected: StringMatching /📄.*FILE/, &quot;Test file message&quot;

Number of calls: 0
    at Object.toHaveBeenCalledWith (C:\dev\apptoapp\src\test\logger.test.js:96:27)
    at Promise.then.completed (C:\dev\apptoapp\node_modules\jest-circus\build\utils.js:298:28)
    at new Promise (&lt;anonymous&gt;)
    at callAsyncCircusFn (C:\dev\apptoapp\node_modules\jest-circus\build\utils.js:231:10)
    at _callCircusTest (C:\dev\apptoapp\node_modules\jest-circus\build\run.js:316:40)
    at _runTest (C:\dev\apptoapp\node_modules\jest-circus\build\run.js:252:3)
    at _runTestsForDescribeBlock (C:\dev\apptoapp\node_modules\jest-circus\build\run.js:126:9)
    at _runTestsForDescribeBlock (C:\dev\apptoapp\node_modules\jest-circus\build\run.js:121:9)
    at run (C:\dev\apptoapp\node_modules\jest-circus\build\run.js:71:3)
    at runAndTransformResultsToJestFormat (C:\dev\apptoapp\node_modules\jest-circus\build\legacy-code-todo-rewrite\jestAdapterInit.js:122:21)
    at jestAdapter (C:\dev\apptoapp\node_modules\jest-circus\build\legacy-code-todo-rewrite\jestAdapter.js:79:19)
    at runTestInternal (C:\dev\apptoapp\node_modules\jest-runner\build\runTest.js:367:16)
    at runTest (C:\dev\apptoapp\node_modules\jest-runner\build\runTest.js:444:34)</failure>
    </testcase>
    <testcase classname="logger should truncate long strings" name="logger should truncate long strings" time="0.003">
    </testcase>
    <testcase classname="logger should format objects and arrays" name="logger should format objects and arrays" time="0.002">
    </testcase>
    <testcase classname="logger should format multiline strings" name="logger should format multiline strings" time="0.003">
    </testcase>
    <testcase classname="logger should format arrays with more than MAX_ARRAY_LENGTH items" name="logger should format arrays with more than MAX_ARRAY_LENGTH items" time="0.006">
    </testcase>
  </testsuite>
  <testsuite name="main" errors="0" failures="0" skipped="0" timestamp="2025-02-15T18:44:03" time="1.861" tests="2">
    <testcase classname="main should handle test instruction" name="main should handle test instruction" time="1.001">
    </testcase>
    <testcase classname="main should collect diffs after each attempt" name="main should collect diffs after each attempt" time="0.601">
    </testcase>
  </testsuite>
  <testsuite name="diff" errors="0" failures="0" skipped="0" timestamp="2025-02-15T18:44:05" time="1.36" tests="5">
    <testcase classname="diff should return the difference between two numbers" name="diff should return the difference between two numbers" time="0.001">
    </testcase>
    <testcase classname="diff should handle negative numbers" name="diff should handle negative numbers" time="0">
    </testcase>
    <testcase classname="diff should handle zero" name="diff should handle zero" time="0.001">
    </testcase>
    <testcase classname="diff functionality should generate and store diffs" name="diff functionality should generate and store diffs" time="0.657">
    </testcase>
    <testcase classname="diff functionality should clear diff buffer" name="diff functionality should clear diff buffer" time="0.614">
    </testcase>
  </testsuite>
  <testsuite name="tools" errors="0" failures="0" skipped="0" timestamp="2025-02-15T18:44:06" time="0.121" tests="2">
    <testcase classname="tools should execute a command and return the output" name="tools should execute a command and return the output" time="0.019">
    </testcase>
    <testcase classname="tools should handle errors when executing a command" name="tools should handle errors when executing a command" time="0.022">
    </testcase>
  </testsuite>
  <testsuite name="utils" errors="0" failures="0" skipped="0" timestamp="2025-02-15T18:44:07" time="0.064" tests="2">
    <testcase classname="utils should return the sum of two numbers" name="utils should return the sum of two numbers" time="0.001">
    </testcase>
    <testcase classname="utils should return the product of two numbers" name="utils should return the product of two numbers" time="0.001">
    </testcase>
  </testsuite>
</testsuites>